E:\Source\gits\gpii\node_modules\windows\USBListener\Debug\cl.command.1.tlog
E:\Source\gits\gpii\node_modules\windows\USBListener\Debug\CL.read.1.tlog
E:\Source\gits\gpii\node_modules\windows\USBListener\Debug\CL.write.1.tlog
E:\SOURCE\GITS\GPII\NODE_MODULES\WINDOWS\USBLISTENER\DEBUG\GPIIUSBLISTENER.EXE
E:\SOURCE\GITS\GPII\NODE_MODULES\WINDOWS\USBLISTENER\DEBUG\GPIIUSBLISTENER.EXE.EMBED.MANIFEST
E:\SOURCE\GITS\GPII\NODE_MODULES\WINDOWS\USBLISTENER\DEBUG\GPIIUSBLISTENER.EXE.EMBED.MANIFEST.RES
E:\SOURCE\GITS\GPII\NODE_MODULES\WINDOWS\USBLISTENER\DEBUG\GPIIUSBLISTENER.EXE.INTERMEDIATE.MANIFEST
E:\SOURCE\GITS\GPII\NODE_MODULES\WINDOWS\USBLISTENER\DEBUG\GPIIUSBLISTENER.ILK
E:\SOURCE\GITS\GPII\NODE_MODULES\WINDOWS\USBLISTENER\DEBUG\GPIIUSBLISTENER.PCH
E:\SOURCE\GITS\GPII\NODE_MODULES\WINDOWS\USBLISTENER\DEBUG\GPIIUSBLISTENER.PDB
E:\Source\gits\gpii\node_modules\windows\USBListener\Debug\GpiiUsbListener_manifest.rc
E:\Source\gits\gpii\node_modules\windows\USBListener\Debug\link.command.1.tlog
E:\Source\gits\gpii\node_modules\windows\USBListener\Debug\link.read.1.tlog
E:\Source\gits\gpii\node_modules\windows\USBListener\Debug\link.write.1.tlog
E:\Source\gits\gpii\node_modules\windows\USBListener\Debug\link-cvtres.read.1.tlog
E:\Source\gits\gpii\node_modules\windows\USBListener\Debug\link-cvtres.write.1.tlog
E:\Source\gits\gpii\node_modules\windows\USBListener\Debug\mt.command.1.tlog
E:\Source\gits\gpii\node_modules\windows\USBListener\Debug\mt.read.1.tlog
E:\Source\gits\gpii\node_modules\windows\USBListener\Debug\mt.write.1.tlog
E:\Source\gits\gpii\node_modules\windows\USBListener\Debug\rc.command.1.tlog
E:\Source\gits\gpii\node_modules\windows\USBListener\Debug\rc.read.1.tlog
E:\Source\gits\gpii\node_modules\windows\USBListener\Debug\rc.write.1.tlog
E:\SOURCE\GITS\GPII\NODE_MODULES\WINDOWS\USBLISTENER\DEBUG\STDAFX.OBJ
E:\SOURCE\GITS\GPII\NODE_MODULES\WINDOWS\USBLISTENER\DEBUG\USBLISTENER.OBJ
E:\SOURCE\GITS\GPII\NODE_MODULES\WINDOWS\USBLISTENER\DEBUG\USBLISTENER.RES
E:\Source\gits\gpii\node_modules\windows\USBListener\Debug\vc100.idb
E:\SOURCE\GITS\GPII\NODE_MODULES\WINDOWS\USBLISTENER\DEBUG\VC100.PDB
